<?xml version="1.0" encoding="UTF-8"?>
<!-- Generated by org.testng.reporters.JUnitReportReporter -->
<testsuite ignored="0" hostname="LAPTOP-SR7422KK" failures="0" tests="1" name="com.tyss.projectframework.scripts.LoginTest" time="69.694" errors="0" timestamp="25 Jun 2020 14:40:55 GMT" skipped="0">
  <testcase classname="com.tyss.projectframework.scripts.LoginTest" name="tc_01" time="69.694"/>
</testsuite> <!-- com.tyss.projectframework.scripts.LoginTest -->
